Using pre-set license
Built from '2021.3/staging' branch; Version is '2021.3.25f1 (68ef2c4f8861) revision 6876972'; Using compiler version '192829333'; Build Type 'Release'
OS: 'Windows 10  (10.0.19045) 64bit Enterprise' Language: 'en' Physical Memory: 32442 MB
BatchMode: 1, IsHumanControllingUs: 0, StartBugReporterOnCrash: 0, Is64bit: 1, IsPro: 1

COMMAND LINE ARGUMENTS:
C:\Program Files\Unity\Editor\Unity.exe
-adb2
-batchMode
-noUpm
-name
AssetImportWorker2
-projectPath
C:/Users/bfishe21/Documents/GitHub/SAGG335ProjectBrentFisher---Copy/My project
-logFile
Logs/AssetImportWorker2.log
-srvPort
57387
Successfully changed project path to: C:/Users/bfishe21/Documents/GitHub/SAGG335ProjectBrentFisher---Copy/My project
C:/Users/bfishe21/Documents/GitHub/SAGG335ProjectBrentFisher---Copy/My project
[UnityMemory] Configuration Parameters - Can be set up in boot.config
    "memorysetup-bucket-allocator-granularity=16"
    "memorysetup-bucket-allocator-bucket-count=8"
    "memorysetup-bucket-allocator-block-size=33554432"
    "memorysetup-bucket-allocator-block-count=8"
    "memorysetup-main-allocator-block-size=16777216"
    "memorysetup-thread-allocator-block-size=16777216"
    "memorysetup-gfx-main-allocator-block-size=16777216"
    "memorysetup-gfx-thread-allocator-block-size=16777216"
    "memorysetup-cache-allocator-block-size=4194304"
    "memorysetup-typetree-allocator-block-size=2097152"
    "memorysetup-profiler-bucket-allocator-granularity=16"
    "memorysetup-profiler-bucket-allocator-bucket-count=8"
    "memorysetup-profiler-bucket-allocator-block-size=33554432"
    "memorysetup-profiler-bucket-allocator-block-count=8"
    "memorysetup-profiler-allocator-block-size=16777216"
    "memorysetup-profiler-editor-allocator-block-size=1048576"
    "memorysetup-temp-allocator-size-main=16777216"
    "memorysetup-job-temp-allocator-block-size=2097152"
    "memorysetup-job-temp-allocator-block-size-background=1048576"
    "memorysetup-job-temp-allocator-reduction-small-platforms=262144"
    "memorysetup-temp-allocator-size-background-worker=32768"
    "memorysetup-temp-allocator-size-job-worker=262144"
    "memorysetup-temp-allocator-size-preload-manager=33554432"
    "memorysetup-temp-allocator-size-nav-mesh-worker=65536"
    "memorysetup-temp-allocator-size-audio-worker=65536"
    "memorysetup-temp-allocator-size-cloud-worker=32768"
    "memorysetup-temp-allocator-size-gi-baking-worker=262144"
    "memorysetup-temp-allocator-size-gfx=262144"
Player connection [10000] Host "[IP] 164.76.126.115 [Port] 0 [Flags] 2 [Guid] 38034277 [EditorId] 38034277 [Version] 1048832 [Id] WindowsEditor(7,COT-S108-020) [Debug] 1 [PackageName] WindowsEditor [ProjectName] Editor" joined multi-casting on [225.0.0.222:54997]...

Player connection [10000] Host "[IP] 164.76.126.115 [Port] 0 [Flags] 2 [Guid] 38034277 [EditorId] 38034277 [Version] 1048832 [Id] WindowsEditor(7,COT-S108-020) [Debug] 1 [PackageName] WindowsEditor [ProjectName] Editor" joined alternative multi-casting on [225.0.0.222:34997]...

Refreshing native plugins compatible for Editor in 63.34 ms, found 3 plugins.
Preloading 0 native plugins for Editor in 0.00 ms.
Initialize engine version: 2021.3.25f1 (68ef2c4f8861)
[Subsystems] Discovering subsystems at path C:/Program Files/Unity/Editor/Data/Resources/UnitySubsystems
[Subsystems] Discovering subsystems at path C:/Users/bfishe21/Documents/GitHub/SAGG335ProjectBrentFisher---Copy/My project/Assets
GfxDevice: creating device client; threaded=0; jobified=0
Direct3D:
    Version:  Direct3D 11.0 [level 11.1]
    Renderer: NVIDIA GeForce RTX 3080 (ID=0x2216)
    Vendor:   NVIDIA
    VRAM:     10053 MB
    Driver:   32.0.15.5599
Initialize mono
Mono path[0] = 'C:/Program Files/Unity/Editor/Data/Managed'
Mono path[1] = 'C:/Program Files/Unity/Editor/Data/MonoBleedingEdge/lib/mono/unityjit-win32'
Mono config path = 'C:/Program Files/Unity/Editor/Data/MonoBleedingEdge/etc'
Using monoOptions --debugger-agent=transport=dt_socket,embedding=1,server=y,suspend=n,address=127.0.0.1:56404
Begin MonoManager ReloadAssembly
Registering precompiled unity dll's ...
Register platform support module: C:/Program Files/Unity/Editor/Data/PlaybackEngines/WindowsStandaloneSupport/UnityEditor.WindowsStandalone.Extensions.dll
Registered in 0.002957 seconds.
Native extension for WindowsStandalone target not found
Refreshing native plugins compatible for Editor in 66.06 ms, found 3 plugins.
Preloading 0 native plugins for Editor in 0.00 ms.
Mono: successfully reloaded assembly
- Completed reload, in  0.607 seconds
Domain Reload Profiling:
	ReloadAssembly (608ms)
		BeginReloadAssembly (62ms)
			ExecutionOrderSort (0ms)
			DisableScriptedObjects (0ms)
			BackupInstance (0ms)
			ReleaseScriptingObjects (0ms)
			CreateAndSetChildDomain (0ms)
		EndReloadAssembly (455ms)
			LoadAssemblies (61ms)
			RebuildTransferFunctionScriptingTraits (0ms)
			SetupTypeCache (102ms)
			ReleaseScriptCaches (0ms)
			RebuildScriptCaches (30ms)
			SetupLoadedEditorAssemblies (275ms)
				LogAssemblyErrors (0ms)
				InitializePlatformSupportModulesInManaged (7ms)
				SetLoadedEditorAssemblies (0ms)
				RefreshPlugins (66ms)
				BeforeProcessingInitializeOnLoad (1ms)
				ProcessInitializeOnLoadAttributes (154ms)
				ProcessInitializeOnLoadMethodAttributes (45ms)
				AfterProcessingInitializeOnLoad (0ms)
				EditorAssembliesLoaded (0ms)
			ExecutionOrderSort2 (0ms)
			AwakeInstancesAfterBackupRestoration (0ms)
Platform modules already initialized, skipping
Registering precompiled user dll's ...
Registered in 0.003357 seconds.
Begin MonoManager ReloadAssembly
Symbol file LoadedFromMemory doesn't match image C:\Users\bfishe21\Documents\GitHub\SAGG335ProjectBrentFisher---Copy\My project\Library\PackageCache\com.unity.visualscripting@1.8.0\Editor\VisualScripting.Core\Dependencies\YamlDotNet\Unity.VisualScripting.YamlDotNet.dll
Symbol file LoadedFromMemory doesn't match image C:\Users\bfishe21\Documents\GitHub\SAGG335ProjectBrentFisher---Copy\My project\Library\PackageCache\com.unity.visualscripting@1.8.0\Editor\VisualScripting.Core\Dependencies\DotNetZip\Unity.VisualScripting.IonicZip.dll
Native extension for WindowsStandalone target not found
Refreshing native plugins compatible for Editor in 0.52 ms, found 3 plugins.
Preloading 0 native plugins for Editor in 0.00 ms.
Mono: successfully reloaded assembly
- Completed reload, in  0.930 seconds
Domain Reload Profiling:
	ReloadAssembly (931ms)
		BeginReloadAssembly (92ms)
			ExecutionOrderSort (0ms)
			DisableScriptedObjects (6ms)
			BackupInstance (0ms)
			ReleaseScriptingObjects (0ms)
			CreateAndSetChildDomain (17ms)
		EndReloadAssembly (736ms)
			LoadAssemblies (63ms)
			RebuildTransferFunctionScriptingTraits (0ms)
			SetupTypeCache (252ms)
			ReleaseScriptCaches (0ms)
			RebuildScriptCaches (48ms)
			SetupLoadedEditorAssemblies (324ms)
				LogAssemblyErrors (0ms)
				InitializePlatformSupportModulesInManaged (5ms)
				SetLoadedEditorAssemblies (0ms)
				RefreshPlugins (1ms)
				BeforeProcessingInitializeOnLoad (70ms)
				ProcessInitializeOnLoadAttributes (224ms)
				ProcessInitializeOnLoadMethodAttributes (21ms)
				AfterProcessingInitializeOnLoad (3ms)
				EditorAssembliesLoaded (0ms)
			ExecutionOrderSort2 (0ms)
			AwakeInstancesAfterBackupRestoration (6ms)
Platform modules already initialized, skipping
========================================================================
Worker process is ready to serve import requests
Launched and connected shader compiler UnityShaderCompiler.exe after 0.04 seconds
Refreshing native plugins compatible for Editor in 0.51 ms, found 3 plugins.
Preloading 0 native plugins for Editor in 0.00 ms.
Unloading 3078 Unused Serialized files (Serialized files now loaded: 0)
Unloading 22 unused Assets / (56.3 KB). Loaded Objects now: 3540.
Memory consumption went from 111.2 MB to 111.2 MB.
Total: 3.138200 ms (FindLiveObjects: 0.403600 ms CreateObjectMapping: 0.126400 ms MarkObjects: 2.529100 ms  DeleteObjects: 0.078200 ms)

AssetImportParameters requested are different than current active one (requested -> active):
  custom:video-decoder-ogg-theora: a1e56fd34408186e4bbccfd4996cb3dc -> 
  custom:container-muxer-webm: aa71ff27fc2769a1b78a27578f13a17b -> 
  custom:container-demuxer-webm: 4f35f7cbe854078d1ac9338744f61a02 -> 
  custom:video-encoder-webm-vp8: eb34c28f22e8b96e1ab97ce403110664 -> 
  custom:audio-encoder-webm-vorbis: bf7c407c2cedff20999df2af8eb42d56 -> 
  custom:framework-win-MediaFoundation: 216162199b28c13a410421893ffa2e32 -> 
  custom:container-demuxer-ogg: 62fdf1f143b41e24485cea50d1cbac27 -> 
  custom:video-decoder-webm-vp8: 9c59270c3fd7afecdb556c50c9e8de78 -> 
  custom:audio-decoder-ogg-vorbis: bf7c407c2cedff20999df2af8eb42d56 -> 
========================================================================
Received Import Request.
  Time since last request: 256386.933138 seconds.
  path: Assets/Scenes/SampleScene.unity
  artifactKey: Guid(9fc0d4010bbf28b4594072e72b8655ab) Importer(815301076,1909f56bfc062723c751e8b465ee728b)
Start importing Assets/Scenes/SampleScene.unity using Guid(9fc0d4010bbf28b4594072e72b8655ab) Importer(815301076,1909f56bfc062723c751e8b465ee728b)  -> (artifact id: '4c707667ba46cdec4b5ad525ad21f409') in 0.008564 seconds 
========================================================================
Received Import Request.
  Time since last request: 1.622096 seconds.
  path: Assets/Scenes/SampleScene.unity
  artifactKey: Guid(9fc0d4010bbf28b4594072e72b8655ab) Importer(815301076,1909f56bfc062723c751e8b465ee728b)
Start importing Assets/Scenes/SampleScene.unity using Guid(9fc0d4010bbf28b4594072e72b8655ab) Importer(815301076,1909f56bfc062723c751e8b465ee728b)  -> (artifact id: 'b122ebf4d16b20fa2059e1a4618ec647') in 0.001891 seconds 
========================================================================
Received Import Request.
  Time since last request: 11.566283 seconds.
  path: Assets/Scenes/AnimationSandbox.unity
  artifactKey: Guid(c5df08d92350bd04caa8f6267ff670ec) Importer(815301076,1909f56bfc062723c751e8b465ee728b)
Start importing Assets/Scenes/AnimationSandbox.unity using Guid(c5df08d92350bd04caa8f6267ff670ec) Importer(815301076,1909f56bfc062723c751e8b465ee728b)  -> (artifact id: '67b03e79d9cd04644cd1e8c0915e2b14') in 0.003549 seconds 
========================================================================
Received Import Request.
  Time since last request: 44.229054 seconds.
  path: Assets/Prefabs/Player.prefab
  artifactKey: Guid(25ab2a752d41d3548a0d68a555d513ef) Importer(815301076,1909f56bfc062723c751e8b465ee728b)
Start importing Assets/Prefabs/Player.prefab using Guid(25ab2a752d41d3548a0d68a555d513ef) Importer(815301076,1909f56bfc062723c751e8b465ee728b)  -> (artifact id: '2e547795b70b9ac24f742bf0c1a7e921') in 0.124471 seconds 
========================================================================
Received Import Request.
  Time since last request: 316.683112 seconds.
  path: Assets/Prefabs/Player.prefab
  artifactKey: Guid(25ab2a752d41d3548a0d68a555d513ef) Importer(815301076,1909f56bfc062723c751e8b465ee728b)
Start importing Assets/Prefabs/Player.prefab using Guid(25ab2a752d41d3548a0d68a555d513ef) Importer(815301076,1909f56bfc062723c751e8b465ee728b)  -> (artifact id: '8eecd96951eaf930f2802f7689265614') in 0.012098 seconds 
========================================================================
Received Import Request.
  Time since last request: 5.609851 seconds.
  path: Assets/Prefabs/Player.prefab
  artifactKey: Guid(25ab2a752d41d3548a0d68a555d513ef) Importer(815301076,1909f56bfc062723c751e8b465ee728b)
Start importing Assets/Prefabs/Player.prefab using Guid(25ab2a752d41d3548a0d68a555d513ef) Importer(815301076,1909f56bfc062723c751e8b465ee728b)  -> (artifact id: '0f6168a55b83273544844d994538e4f8') in 0.008611 seconds 
========================================================================
Received Import Request.
  Time since last request: 11.661294 seconds.
  path: Assets/Prefabs/Player.prefab
  artifactKey: Guid(25ab2a752d41d3548a0d68a555d513ef) Importer(815301076,1909f56bfc062723c751e8b465ee728b)
Start importing Assets/Prefabs/Player.prefab using Guid(25ab2a752d41d3548a0d68a555d513ef) Importer(815301076,1909f56bfc062723c751e8b465ee728b)  -> (artifact id: '728c7fa7049251c96bfd4d20695081de') in 0.003882 seconds 
========================================================================
Received Import Request.
  Time since last request: 13.074980 seconds.
  path: Assets/Prefabs/Player.prefab
  artifactKey: Guid(25ab2a752d41d3548a0d68a555d513ef) Importer(815301076,1909f56bfc062723c751e8b465ee728b)
Start importing Assets/Prefabs/Player.prefab using Guid(25ab2a752d41d3548a0d68a555d513ef) Importer(815301076,1909f56bfc062723c751e8b465ee728b)  -> (artifact id: 'f0cd7da7a90d7bfa029e482c6f1ed260') in 0.009916 seconds 
========================================================================
Received Import Request.
  Time since last request: 5.640823 seconds.
  path: Assets/Prefabs/Player.prefab
  artifactKey: Guid(25ab2a752d41d3548a0d68a555d513ef) Importer(815301076,1909f56bfc062723c751e8b465ee728b)
Start importing Assets/Prefabs/Player.prefab using Guid(25ab2a752d41d3548a0d68a555d513ef) Importer(815301076,1909f56bfc062723c751e8b465ee728b)  -> (artifact id: 'fc826b7c95cf5441921d3902c39a130e') in 0.014596 seconds 
========================================================================
Received Import Request.
  Time since last request: 1.992357 seconds.
  path: Assets/Prefabs/Player.prefab
  artifactKey: Guid(25ab2a752d41d3548a0d68a555d513ef) Importer(815301076,1909f56bfc062723c751e8b465ee728b)
Start importing Assets/Prefabs/Player.prefab using Guid(25ab2a752d41d3548a0d68a555d513ef) Importer(815301076,1909f56bfc062723c751e8b465ee728b)  -> (artifact id: 'fda8a02666ba659163b803552783b55a') in 0.007699 seconds 
========================================================================
Received Import Request.
  Time since last request: 803.898222 seconds.
  path: Assets/Materials/M_LightGray.mat
  artifactKey: Guid(50444587fecd33d4898b2229e075ce95) Importer(815301076,1909f56bfc062723c751e8b465ee728b)
Start importing Assets/Materials/M_LightGray.mat using Guid(50444587fecd33d4898b2229e075ce95) Importer(815301076,1909f56bfc062723c751e8b465ee728b)  -> (artifact id: 'aa6603a3d16908c0e306dcce0536ec07') in 0.034192 seconds 
========================================================================
Received Import Request.
  Time since last request: 36.974760 seconds.
  path: Assets/Materials/M_DarkGray.mat
  artifactKey: Guid(cbd48c9eca0e09e498caceebe10ac4b0) Importer(815301076,1909f56bfc062723c751e8b465ee728b)
Start importing Assets/Materials/M_DarkGray.mat using Guid(cbd48c9eca0e09e498caceebe10ac4b0) Importer(815301076,1909f56bfc062723c751e8b465ee728b)  -> (artifact id: 'efa12d1c14ef9707094034590c67ee91') in 0.014253 seconds 
